Arguments: 
  C:\Program Files\nodejs\node.exe C:\Users\Narendra\AppData\Roaming\npm\node_modules\yarn\bin\yarn.js start

PATH: 
  C:\Program Files (x86)\VMware\VMware Workstation\bin\;C:\Program Files\Common Files\Oracle\Java\javapath;C:\ProgramData\Oracle\Java\javapath;C:\oraclexe\app\oracle\product\10.2.0\server\bin;C:\Program Files (x86)\Intel\iCLS Client\;C:\Program Files\Intel\iCLS Client\;C:\WINDOWS\system32;C:\WINDOWS;C:\WINDOWS\System32\Wbem;C:\WINDOWS\System32\WindowsPowerShell\v1.0\;C:\Program Files (x86)\Intel\Intel(R) Management Engine Components\DAL;C:\Program Files\Intel\Intel(R) Management Engine Components\DAL;C:\Program Files (x86)\Intel\Intel(R) Management Engine Components\IPT;C:\Program Files\Intel\Intel(R) Management Engine Components\IPT;C:\Program Files\Java\jdk1.8.0_92\bin;H:\apache-maven-3.3.9\bin;C:\Program Files (x86)\Skype\Phone\;C:\WINDOWS\System32\OpenSSH\;C:\Program Files\nodejs\;C:\Program Files\dotnet\;C:\Users\Narendra\AppData\Local\Android\Sdk\platform-tools;C:\Users\Narendra\AppData\Local\Microsoft\WindowsApps;C:\Program Files\Java\jdk-18.0.2.1\bin;C:\Users\Narendra\AppData\Roaming\npm;C:\Users\Narendra\AppData\Local\Programs\Microsoft VS Code\bin

Yarn version: 
  1.22.19

Node version: 
  16.16.0

Platform: 
  win32 x64

Trace: 
  TypeError: Cannot convert object to primitive value
      at Array.join (<anonymous>)
      at ShellString.[format] (C:\Users\Narendra\AppData\Roaming\npm\node_modules\yarn\lib\cli.js:135834:80)
      at ShellString.toString (C:\Users\Narendra\AppData\Roaming\npm\node_modules\yarn\lib\cli.js:135830:30)
      at sh (C:\Users\Narendra\AppData\Roaming\npm\node_modules\yarn\lib\cli.js:135923:55)
      at C:\Users\Narendra\AppData\Roaming\npm\node_modules\yarn\lib\cli.js:61585:52
      at Generator.next (<anonymous>)
      at step (C:\Users\Narendra\AppData\Roaming\npm\node_modules\yarn\lib\cli.js:310:30)
      at C:\Users\Narendra\AppData\Roaming\npm\node_modules\yarn\lib\cli.js:321:13

npm manifest: 
  {
    "name": "ubereatscourier",
    "version": "1.0.0",
    "main": "node_modules/expo/AppEntry.js",
    "scripts": {
      "faster": "./node_modules/faster/bin/faster.js",
      
      
      "start": {"jsEngine": "hermes"},
      "android": "expo start --android",
      "ios": "expo start --ios",
      "web": "expo start --web"
      
    },
    "dependencies": {
      "@expo/vector-icons": "^13.0.0",
      "@gorhom/bottom-sheet": "^4.0.0",
      "@react-native-async-storage/async-storage": "^1.17.11",
      "@react-native-community/netinfo": "9.3.5",
      "@react-native-picker/picker": "^2.4.8",
      "@react-navigation/native": "^6.1.2",
      "@react-navigation/native-stack": "^6.9.8",
      "aws-amplify": "^5.2.2",
      "aws-amplify-react-native": "^7.0.2",
      "expo": "~47.0.12",
      "expo-location": "~15.0.1",
      "expo-status-bar": "~1.4.2",
      "react": "^18.1.0",
      "react-dom": "^18.1.0",
      "react-native": "0.70.8",
      "react-native-gesture-handler": "~2.8.0",
      "react-native-maps": "^1.3.2",
      "react-native-maps-directions": "^1.9.0",
      "react-native-reanimated": "~2.12.0",
      "react-native-safe-area-context": "4.4.1",
      "react-native-screens": "~3.18.0"
    },
    "devDependencies": {
      "@babel/core": "^7.12.9",
      "faster": "^3.5.1"
    },
    "private": true,
    "author": "",
    "license": "ISC",
    "description": ""
  }

yarn manifest: 
  No manifest

Lockfile: 
  No lockfile
